     1                                 %line 1+1 ast05.asm
     2                                 
     3                                 
     4                                 
     5                                 
     6                                 
     7                                 
     8                                 
     9                                 
    10                                 
    11                                 
    12                                 [section .data]
    13                                 
    14                                 
    15                                 
    16                                 
    17                                 NULL equ 0
    18                                 
    19                                 TRUE equ 1
    20                                 FALSE equ 0
    21                                 
    22                                 EXIT_SUCCESS equ 0
    23                                 SYS_exit equ 60
    24                                 
    25                                 
    26                                 
    27                                 
    28                                 
    29                                 
    30 00000000 790400006F04000063-    sideLens dd 1145, 1135, 1123, 1123, 1123
    31 00000000 040000630400006304-
    32 00000000 0000               
    33 00000014 E6040000AE05000080-     dd 1254, 1454, 1152, 1164, 1542
    34 00000014 0400008C0400000606-
    35 00000014 0000               
    36 00000028 49050000B10500009E-     dd 1353, 1457, 1182, 1142, 1354
    37 00000028 040000760400004A05-
    38 00000028 0000               
    39 0000003C 540500006E04000082-     dd 1364, 1134, 1154, 1344, 1142
    40 0000003C 040000400500007604-
    41 0000003C 0000               
    42 00000050 95040000070600007F-     dd 1173, 1543, 1151, 1352, 1434
    43 00000050 040000480500009A05-
    44 00000050 0000               
    45 00000064 4B0500000D04000063-     dd 1355, 1037, 1123, 1024, 1453
    46 00000064 04000000040000AD05-
    47 00000064 0000               
    48 00000078 6E0400005608000084-     dd 1134, 2134, 1156, 1134, 1142
    49 00000078 0400006E0400007604-
    50 00000078 0000               
    51 0000008C F3040000500400006E-     dd 1267, 1104, 1134, 1246, 1123
    52 0000008C 040000DE0400006304-
    53 0000008C 0000               
    54 000000A0 6E0400008904000098-     dd 1134, 1161, 1176, 1157, 1142
    55 000000A0 040000850400007604-
    56 000000A0 0000               
    57 000000B4 81040000A9040000A0-     dd 1153, 1193, 1184, 1142, 2034
    58 000000B4 04000076040000F207-
    59 000000B4 0000               
    60                                 
    61 000000C8 85007200AD00830073-    apothemLens dw 133, 114, 173, 131, 115
    62 000000C8 00                 
    63 000000D2 A400AD00AE007B009C-     dw 164, 173, 174, 123, 156
    64 000000D2 00                 
    65 000000DC 9000980083008E009C-     dw 144, 152, 131, 142, 156
    66 000000DC 00                 
    67 000000E6 73007C008800AF0092-     dw 115, 124, 136, 175, 146
    68 000000E6 00                 
    69 000000F0 71007B009900A70087-     dw 113, 123, 153, 167, 135
    70 000000F0 00                 
    71 000000FA 72008100A400A70086-     dw 114, 129, 164, 167, 134
    72 000000FA 00                 
    73 00000104 74007100A4009900A5-     dw 116, 113, 164, 153, 165
    74 00000104 00                 
    75 0000010E 7E0070009D00A70086-     dw 126, 112, 157, 167, 134
    76 0000010E 00                 
    77 00000118 7500720075007D0099-     dw 117, 114, 117, 125, 153
    78 00000118 00                 
    79 00000122 7B00AD0073006A0071-     dw 123, 173, 115, 106, 113
    80 00000122 00                 
    81                                 
    82 0000012C 32000000               length dd 50
    83                                 
    84 00000130 00000000               perimMin dd 0
    85 00000134 00000000               perimEstMed dd 0
    86 00000138 00000000               perimMax dd 0
    87 0000013C 00000000               perimSum dd 0
    88 00000140 00000000               perimAve dd 0
    89                                 
    90 00000144 00000000               areaMin dd 0
    91 00000148 00000000               areaEstMed dd 0
    92 0000014C 00000000               areaMax dd 0
    93 00000150 00000000               areaSum dd 0
    94 00000154 00000000               areaAve dd 0
    95                                 
    96                                 
    97                                 
    98                                 
    99 00000158 02000000               ddTwo dd 2
   100                                 
   101                                 
   102                                 
   103                                 
   104                                 [section .bss]
   105                                 
   106                                 
   107                                 
   108                                 
   109 00000000 <gap>                  hexPerims resd 50
   110 000000C8 <gap>                  hexAreas resd 50
   111                                 
   112                                 
   113                                 
   114                                 [section .text]
   115                                 [global _start]
   116                                 _start:
   117                                 
   118                                 
   119                                 
   120                                 
   121                                 
   122                                 
   123 00000000 8B0C25[00000000]       mov ecx, dword[length]
   124 00000007 49C7C0[00000000]       mov r8, sideLens
   125 0000000E 49C7C1[00000000]       mov r9, hexPerims
   126 00000015 48C7C600000000         mov rsi, 0
   127 0000001C 49C7C206000000         mov r10, 6
   128 00000023 49C7C300000000         mov r11, 0
   129                                 perimLoop:
   130 0000002A 418B04B0               mov eax, dword[r8+rsi*4]
   131 0000002E 41F7E2                 mul r10d
   132 00000031 418904B1               mov dword[r9+rsi*4], eax
   133 00000035 4101C3                 add r11d, eax
   134 00000038 48FFC6                 inc rsi
   135 0000003B E2EB                   loop perimLoop
   136                                 
   137                                 
   138 0000003D 44891C25[00000000]     mov dword[perimSum], r11d
   139 00000045 8B0425[00000000]       mov eax, dword[perimSum]
   140 0000004C 99                     cdq
   141 0000004D 8B0C25[00000000]       mov ecx, dword[length]
   142 00000054 F7F1                   div ecx
   143 00000056 890425[00000000]       mov dword[perimAve], eax
   144                                 
   145 0000005D 448B1425[00000000]     mov r10d, dword[hexPerims]
   146 00000065 448B1C25[00000000]     mov r11d, dword[hexPerims]
   147 0000006D 8B0C25[00000000]       mov ecx, dword[length]
   148 00000074 48C7C600000000         mov rsi, 0
   149                                 perimMaxMin:
   150 0000007B 453B14B1               cmp r10d, dword[r9+rsi*4]
   151 0000007F 7302                   jae notMax
   152 00000081 458B14B1               mov r10d, dword[r9+rsi*4]
   153                                 notMax:
   154 00000085 453B1CB1               cmp r11d, dword[r9+rsi*4]
   155 00000089 7602                   jbe notMin
   156 0000008B 458B1CB1               mov r11d, dword[r9+rsi*4]
   157                                 notMin:
   158 0000008F 48FFC6                 inc rsi
   159 00000092 E2E5                   loop perimMaxMin
   160 00000094 44891425[00000000]     mov dword[perimMax], r10d
   161 0000009C 44891C25[00000000]     mov dword[perimMin], r11d
   162                                 
   163 000000A4 8B0425[00000000]       mov eax, dword[length]
   164 000000AB 48C7C200000000         mov rdx, 0
   165 000000B2 49C7C002000000         mov r8, 2
   166 000000B9 6641F7F0               div r8w
   167 000000BD 458B2481               mov r12d, dword[r9+rax*4]
   168 000000C1 48FFC8                 dec rax
   169 000000C4 45032481               add r12d, dword[r9+rax*4]
   170 000000C8 4489E0                 mov eax, r12d
   171 000000CB 99                     cdq
   172 000000CC 41F7F0                 div r8d
   173 000000CF 890425[00000000]       mov dword[perimEstMed], eax
   174                                 
   175                                 
   176 000000D6 49C7C0[00000000]       mov r8, apothemLens
   177 000000DD 49C7C2[00000000]       mov r10, hexAreas
   178 000000E4 48C7C600000000         mov rsi, 0
   179 000000EB 8B0C25[00000000]       mov ecx, dword[length]
   180 000000F2 41BB02000000           mov r11d, 2
   181 000000F8 49C7C400000000         mov r12, 0
   182                                 areaLoop:
   183 000000FF 410FB70470             movzx eax, word[r8+rsi*2]
   184 00000104 418B1CB1               mov ebx, dword[r9+rsi*4]
   185 00000108 F7E3                   mul ebx
   186 0000010A 41F7F3                 div r11d
   187 0000010D 418904B2               mov dword[r10+rsi*4], eax
   188 00000111 4901C4                 add r12, rax
   189 00000114 48FFC6                 inc rsi
   190 00000117 E2E4                   loop areaLoop
   191                                 
   192                                 
   193 00000119 44892425[00000000]     mov dword[areaSum], r12d
   194 00000121 4489E0                 mov eax, r12d
   195 00000124 99                     cdq
   196 00000125 8B0C25[00000000]       mov ecx, dword[length]
   197 0000012C F7F1                   div ecx
   198 0000012E 890425[00000000]       mov dword[areaAve], eax
   199 00000135 49C7C1[00000000]       mov r9, hexAreas
   200 0000013C 448B1425[00000000]     mov r10d, dword[hexAreas]
   201 00000144 448B1C25[00000000]     mov r11d, dword[hexAreas]
   202 0000014C 8B0C25[00000000]       mov ecx, dword[length]
   203 00000153 48C7C600000000         mov rsi, 0
   204                                 
   205                                 areaMaxMin:
   206 0000015A 453B14B1               cmp r10d, dword[r9+rsi*4]
   207 0000015E 7302                   jae anotMax
   208 00000160 458B14B1               mov r10d, dword[r9+rsi*4]
   209                                 anotMax:
   210 00000164 453B1CB1               cmp r11d, dword[r9+rsi*4]
   211 00000168 7602                   jbe anotMin
   212 0000016A 458B1CB1               mov r11d, dword[r9+rsi*4]
   213                                 anotMin:
   214 0000016E 48FFC6                 inc rsi
   215 00000171 E2E5                   loop areaMaxMin
   216 00000173 44891425[00000000]     mov dword[areaMax], r10d
   217 0000017B 44891C25[00000000]     mov dword[areaMin], r11d
   218                                 
   219 00000183 8B0425[00000000]       mov eax, dword[length]
   220 0000018A 48C7C200000000         mov rdx, 0
   221 00000191 49C7C002000000         mov r8, 2
   222 00000198 6641F7F0               div r8w
   223 0000019C 458B2481               mov r12d, dword[r9+rax*4]
   224 000001A0 48FFC8                 dec rax
   225 000001A3 45032481               add r12d, dword[r9+rax*4]
   226 000001A7 4489E0                 mov eax, r12d
   227 000001AA 99                     cdq
   228 000001AB 41F7F0                 div r8d
   229 000001AE 890425[00000000]       mov dword[areaEstMed], eax
   230                                 
   231                                 
   232                                 
   233                                 
   234                                 last:
   235 000001B5 48C7C03C000000          mov rax, SYS_exit
   236 000001BC 48C7C700000000          mov rdi, EXIT_SUCCESS
   237 000001C3 0F05                    syscall
   238                                 
