     1                                 %line 1+1 ast06.asm
     2                                 
     3                                 
     4                                 
     5                                 
     6                                 
     7                                 
     8                                 
     9                                 
    10                                 
    11                                 
    12                                 
    13                                 
    14                                 
    15                                 
    16                                 
    17                                 
    18                                 
    19                                 
    20                                 
    21                                 
    22                                 
    23                                 
    24                                 
    25                                 
    26                                 
    27                                 
    28                                 
    29                                 
    30                                 
    31                                 
    32                                 
    33                                 
    34                                 
    35                                 %line 59+1 ast06.asm
    36                                 
    37                                 
    38                                 
    39                                 
    40                                 
    41                                 
    42                                 
    43                                 
    44                                 
    45                                 
    46                                 
    47                                 
    48                                 
    49                                 
    50                                 
    51                                 
    52                                 
    53                                 
    54                                 
    55                                 
    56                                 
    57                                 
    58                                 %line 116+1 ast06.asm
    59                                 
    60                                 
    61                                 
    62                                 
    63                                 
    64                                 
    65                                 
    66                                 
    67                                 
    68                                 
    69                                 
    70                                 
    71                                 %line 156+1 ast06.asm
    72                                 
    73                                 
    74                                 
    75                                 
    76                                 [section .data]
    77                                 
    78                                 
    79                                 
    80                                 
    81                                 TRUE equ 1
    82                                 FALSE equ 0
    83                                 
    84                                 EXIT_SUCCESS equ 0
    85                                 NOSUCCESS equ 1
    86                                 
    87                                 STDIN equ 0
    88                                 STDOUT equ 1
    89                                 STDERR equ 2
    90                                 
    91                                 SYS_read equ 0
    92                                 SYS_write equ 1
    93                                 SYS_open equ 2
    94                                 SYS_close equ 3
    95                                 SYS_fork equ 57
    96                                 SYS_exit equ 60
    97                                 SYS_creat equ 85
    98                                 SYS_time equ 201
    99                                 
   100                                 LF equ 10
   101                                 SPACE equ " "
   102                                 NULL equ 0
   103                                 ESC equ 27
   104                                 
   105                                 NUMS_PER_LINE equ 4
   106                                 
   107                                 
   108                                 
   109                                 
   110                                 STR_LENGTH equ 12
   111                                 
   112                                 aSideLengths
   113 00000000 202020202020202020-     db "         23", NULL, "         43", NULL, "        150", NULL
   114 00000000 323300202020202020-
   115 00000000 202020343300202020-
   116 00000000 202020202031353000 
   117 00000024 202020202020202032-     db "        215", NULL, "        234", NULL, "        251", NULL
   118 00000024 313500202020202020-
   119 00000024 202032333400202020-
   120 00000024 202020202032353100 
   121 00000048 202020202020202033-     db "        302", NULL, "        322", NULL, "        342", NULL
   122 00000048 303200202020202020-
   123 00000048 202033323200202020-
   124 00000048 202020202033343200 
   125 0000006C 202020202020202034-     db "        411", NULL, "        432", NULL, "        450", NULL
   126 0000006C 313100202020202020-
   127 0000006C 202034333200202020-
   128 0000006C 202020202034353000 
   129 00000090 202020202020202035-     db "        512", NULL, "        532", NULL, "        555", NULL
   130 00000090 313200202020202020-
   131 00000090 202035333200202020-
   132 00000090 202020202035353500 
   133 000000B4 202020202020203130-     db "       1021", NULL, "       1034", NULL, "       1052", NULL
   134 000000B4 323100202020202020-
   135 000000B4 203130333400202020-
   136 000000B4 202020203130353200 
   137 000000D8 202020202020203230-     db "       2002", NULL, "       2213", NULL, "       2325", NULL
   138 000000D8 303200202020202020-
   139 000000D8 203232313300202020-
   140 000000D8 202020203233323500 
   141 000000FC 202020202020203331-     db "       3131", NULL, "       3204", NULL, "       3520", NULL
   142 000000FC 333100202020202020-
   143 000000FC 203332303400202020-
   144 000000FC 202020203335323000 
   145 00000120 202020202020203431-     db "       4112", NULL, "       4200", NULL, "       4430", NULL
   146 00000120 313200202020202020-
   147 00000120 203432303000202020-
   148 00000120 202020203434333000 
   149 00000144 202020202020203532-     db "       5230", NULL, "       5321", NULL, "       5513", NULL
   150 00000144 333000202020202020-
   151 00000144 203533323100202020-
   152 00000144 202020203535313300 
   153 00000168 202020202020313032-     db "      10234", NULL, "      11203", NULL, "      12345", NULL
   154 00000168 333400202020202020-
   155 00000168 313132303300202020-
   156 00000168 202020313233343500 
   157 0000018C 202020202020323032-     db "      20245", NULL, "      23450", NULL, "      24513", NULL
   158 0000018C 343500202020202020-
   159 0000018C 323334353000202020-
   160 0000018C 202020323435313300 
   161 000001B0 202020202020333132-     db "      31243", NULL, "      33525", NULL, "      41230", NULL
   162 000001B0 343300202020202020-
   163 000001B0 333335323500202020-
   164 000001B0 202020343132333000 
   165 000001D4 202020202020353433-     db "      54321", NULL
   166 000001D4 323100             
   167                                 
   168 000001E0 202020202020202031-    aSenaryLength db "        104", NULL
   169 000001E0 303400             
   170 000001EC 00000000               length dd 0
   171                                 
   172 000001F0 00000000               perimSum dd 0
   173 000001F4 00000000               perimAve dd 0
   174 000001F8 00000000               perimMin dd 0
   175 000001FC 00000000               perimMax dd 0
   176                                 
   177                                 
   178                                 
   179                                 
   180 00000200 2D2D2D2D2D2D2D2D2D-    hdr db "-----------------------------------------------------"
   181 00000200 2D2D2D2D2D2D2D2D2D-
   182 00000200 2D2D2D2D2D2D2D2D2D-
   183 00000200 2D2D2D2D2D2D2D2D2D-
   184 00000200 2D2D2D2D2D2D2D2D2D-
   185 00000200 2D2D2D2D2D2D2D2D   
   186 00000235 0A1B5B316D43532032-     db LF, ESC, "[1m", "CS 218 - Assignment #6", ESC, "[0m", LF
   187 00000235 3138202D2041737369-
   188 00000235 676E6D656E74202336-
   189 00000235 1B5B306D0A         
   190 00000255 506572696D65746572-     db "Perimeter Calculations", LF, LF
   191 00000255 2043616C63756C6174-
   192 00000255 696F6E730A0A       
   193 0000026D 506572696D65746572-     db "Perimeters:", LF, NULL
   194 0000026D 733A0A00           
   195 0000027A 0A506572696D657465-    shdr db LF, "Perimeters Sum:  ", NULL
   196 0000027A 72732053756D3A2020-
   197 0000027A 00                 
   198 0000028D 0A506572696D657465-    avhdr db LF, "Perimeters Ave:  ", NULL
   199 0000028D 7273204176653A2020-
   200 0000028D 00                 
   201 000002A0 0A506572696D657465-    minhdr db LF, "Perimeters Min:  ", NULL
   202 000002A0 7273204D696E3A2020-
   203 000002A0 00                 
   204 000002B3 0A506572696D657465-    maxhdr db LF, "Perimeters Max:  ", NULL
   205 000002B3 7273204D61783A2020-
   206 000002B3 00                 
   207                                 
   208 000002C6 0A00                   newLine db LF, NULL
   209 000002C8 20202000               spaces db "   ", NULL
   210                                 
   211                                 
   212                                 
   213                                 
   214                                 [section .bss]
   215                                 
   216 00000000 <gap>                  tmpInteger resd 1
   217                                 
   218 00000004 <gap>                  perimsArray resd 40
   219                                 
   220 000000A4 <gap>                  lenString resb STR_LENGTH
   221 000000B0 <gap>                  tempString resb STR_LENGTH
   222                                 
   223 000000BC <gap>                  perimSumString resb STR_LENGTH
   224 000000C8 <gap>                  perimAveString resb STR_LENGTH
   225 000000D4 <gap>                  perimMinString resb STR_LENGTH
   226 000000E0 <gap>                  perimMaxString resb STR_LENGTH
   227                                 
   228                                 
   229                                 
   230                                 [section .text]
   231                                 [global _start]
   232                                 _start:
   233                                 
   234                                 
   235                                 
   236                                 
   237 00000000 50                      push rax
   238                                 %line 261+0 ast06.asm
   239 00000001 57                      push rdi
   240 00000002 56                      push rsi
   241 00000003 52                      push rdx
   242 00000004 51                      push rcx
   243                                 
   244 00000005 488D3C25[00000000]      lea rdi, [hdr]
   245 0000000D 48C7C200000000          mov rdx, 0
   246                                 ..@4.countLoop:
   247 00000014 803F00                  cmp byte [rdi], NULL
   248 00000017 7406                    je ..@4.countLoopDone
   249 00000019 48FFC7                  inc rdi
   250 0000001C 48FFC2                  inc rdx
   251 0000001F EBF1                    jmp ..@4.countLoop
   252                                 ..@4.countLoopDone:
   253                                 
   254 00000021 48C7C001000000          mov rax, SYS_write
   255 00000028 48C7C701000000          mov rdi, STDOUT
   256 0000002F 488D3425[00000000]      lea rsi, [hdr]
   257 00000037 0F05                    syscall
   258                                 
   259 00000039 59                      pop rcx
   260 0000003A 5A                      pop rdx
   261 0000003B 5E                      pop rsi
   262 0000003C 5F                      pop rdi
   263 0000003D 58                      pop rax
   264                                 %line 262+1 ast06.asm
   265                                 
   266                                 
   267                                 
   268                                 
   269                                 
   270                                 
   271                                 
   272                                 
   273                                 
   274                                 
   275 0000003E 48C7C000000000         mov rax, 0
   276 00000045 48C7C100000000         mov rcx, 0
   277 0000004C 49C7C206000000         mov r10, 6
   278 00000053 48C7C3[00000000]       mov rbx, aSenaryLength
   279                                 convert6to10:
   280 0000005A 448A040B               mov r8b, [rbx+rcx]
   281 0000005E 48FFC1                 inc rcx
   282 00000061 4180F820               cmp r8b, 0x20
   283 00000065 74F1                   je convert6to10
   284 00000067 4180E830               sub r8b, 0x30
   285 0000006B 4400C0                 add al, r8b
   286 0000006E 448A0C0B               mov r9b, [rbx+rcx]
   287 00000072 4180F900               cmp r9b, 0
   288 00000076 7404                   je exit
   289 00000078 6641F7E2               mul r10w
   290 0000007C EBDA                   jmp convert6to10
   291                                 exit:
   292 0000007E 890425[00000000]       mov dword[length], eax
   293                                 
   294                                 
   295                                 
   296                                 
   297                                 
   298 00000085 8B0C25[00000000]        mov ecx, dword [length]
   299 0000008C 48C7C700000000          mov rdi, 0
   300 00000093 48C7C3[00000000]        mov rbx, aSideLengths
   301                                 cvtLoop:
   302 0000009A 53                      push rbx
   303 0000009B 51                      push rcx
   304 0000009C 57                      push rdi
   305                                 
   306                                 %line 302+0 ast06.asm
   307                                 
   308                                 
   309                                 
   310 0000009D 48C7C000000000         mov rax, 0
   311 000000A4 48C7C100000000         mov rcx, 0
   312 000000AB 49C7C206000000         mov r10, 6
   313 000000B2 4889DB                 mov rbx, rbx
   314                                 ..@5.convert6to10:
   315 000000B5 448A040B               mov r8b, [rbx+rcx]
   316 000000B9 48FFC1                 inc rcx
   317 000000BC 4180F820               cmp r8b, 0x20
   318 000000C0 74F1                   je ..@5.convert6to10
   319 000000C2 4180E830               sub r8b, 0x30
   320 000000C6 4C01C0                 add rax, r8
   321 000000C9 448A0C0B               mov r9b, [rbx+rcx]
   322 000000CD 4180F900               cmp r9b, 0
   323 000000D1 7404                   je ..@5.exit
   324 000000D3 6641F7E2               mul r10w
   325 000000D7 EBDA                   jmp ..@5.convert6to10
   326                                 ..@5.exit:
   327 000000D9 890425[00000000]       mov [tmpInteger], eax
   328                                 
   329                                 %line 303+1 ast06.asm
   330 000000E0 5F                      pop rdi
   331 000000E1 59                      pop rcx
   332 000000E2 5B                      pop rbx
   333                                 
   334 000000E3 8B0425[00000000]        mov eax, dword [tmpInteger]
   335 000000EA 41B806000000            mov r8d, 6
   336 000000F0 41F7E0                  mul r8d
   337 000000F3 8904BD[00000000]        mov dword [perimsArray+rdi*4], eax
   338 000000FA 4883C30C                add rbx, STR_LENGTH
   339                                 
   340 000000FE 48FFC7                  inc rdi
   341 00000101 FFC9                    dec ecx
   342 00000103 83F900                  cmp ecx, 0
   343 00000106 7590                    jne cvtLoop
   344                                 
   345                                 
   346                                 
   347                                 
   348 00000108 8B0C25[00000000]        mov ecx, dword [length]
   349 0000010F 48C7C600000000          mov rsi, 0
   350 00000116 49C7C400000000          mov r12, 0
   351                                 printLoop:
   352 0000011D 51                      push rcx
   353 0000011E 56                      push rsi
   354 0000011F 4154                    push r12
   355 00000121 8B04B5[00000000]        mov eax, dword [perimsArray+rsi*4]
   356                                 
   357                                 %line 329+0 ast06.asm
   358                                 
   359                                 
   360                                 
   361 00000128 48C7C100000000         mov rcx, 0
   362 0000012F 89C0                   mov eax, eax
   363 00000131 49C7C206000000         mov r10, 6
   364 00000138 49C7C0[00000000]       mov r8, tempString
   365                                 ..@6.mConvert6:
   366 0000013F 99                     cdq
   367 00000140 41F7F2                 div r10d
   368 00000143 52                     push rdx
   369 00000144 48FFC1                 inc rcx
   370 00000147 83F800                 cmp eax, 0
   371 0000014A 75F1                   jne ..@6.mConvert6
   372 0000014C 48C7C30B000000         mov rbx, 11
   373 00000153 4829CB                 sub rbx, rcx
   374 00000156 48C7C100000000         mov rcx, 0
   375                                 ..@6.mRightJust:
   376 0000015D 41C60020               mov [r8], byte ' '
   377 00000161 49FFC0                 inc r8
   378 00000164 48FFC1                 inc rcx
   379 00000167 4839CB                 cmp rbx, rcx
   380 0000016A 75EF                   jne ..@6.mRightJust
   381                                 ..@6.mPopLoop:
   382 0000016C 48FFC1                 inc rcx
   383 0000016F 58                     pop rax
   384 00000170 4883C030               add rax, 0x30
   385 00000174 498900                 mov [r8], rax
   386 00000177 49FFC0                 inc r8
   387 0000017A 4883F90B               cmp rcx, 11
   388 0000017E 75EA                   jne ..@6.mPopLoop
   389                                 
   390                                 %line 330+1 ast06.asm
   391                                 
   392 00000180 50                      push rax
   393                                 %line 331+0 ast06.asm
   394 00000181 57                      push rdi
   395 00000182 56                      push rsi
   396 00000183 52                      push rdx
   397 00000184 51                      push rcx
   398                                 
   399 00000185 488D3C25[00000000]      lea rdi, [tempString]
   400 0000018D 48C7C200000000          mov rdx, 0
   401                                 ..@7.countLoop:
   402 00000194 803F00                  cmp byte [rdi], NULL
   403 00000197 7406                    je ..@7.countLoopDone
   404 00000199 48FFC7                  inc rdi
   405 0000019C 48FFC2                  inc rdx
   406 0000019F EBF1                    jmp ..@7.countLoop
   407                                 ..@7.countLoopDone:
   408                                 
   409 000001A1 48C7C001000000          mov rax, SYS_write
   410 000001A8 48C7C701000000          mov rdi, STDOUT
   411 000001AF 488D3425[00000000]      lea rsi, [tempString]
   412 000001B7 0F05                    syscall
   413                                 
   414 000001B9 59                      pop rcx
   415 000001BA 5A                      pop rdx
   416 000001BB 5E                      pop rsi
   417 000001BC 5F                      pop rdi
   418 000001BD 58                      pop rax
   419                                 %line 332+1 ast06.asm
   420 000001BE 50                      push rax
   421                                 %line 332+0 ast06.asm
   422 000001BF 57                      push rdi
   423 000001C0 56                      push rsi
   424 000001C1 52                      push rdx
   425 000001C2 51                      push rcx
   426                                 
   427 000001C3 488D3C25[00000000]      lea rdi, [spaces]
   428 000001CB 48C7C200000000          mov rdx, 0
   429                                 ..@8.countLoop:
   430 000001D2 803F00                  cmp byte [rdi], NULL
   431 000001D5 7406                    je ..@8.countLoopDone
   432 000001D7 48FFC7                  inc rdi
   433 000001DA 48FFC2                  inc rdx
   434 000001DD EBF1                    jmp ..@8.countLoop
   435                                 ..@8.countLoopDone:
   436                                 
   437 000001DF 48C7C001000000          mov rax, SYS_write
   438 000001E6 48C7C701000000          mov rdi, STDOUT
   439 000001ED 488D3425[00000000]      lea rsi, [spaces]
   440 000001F5 0F05                    syscall
   441                                 
   442 000001F7 59                      pop rcx
   443 000001F8 5A                      pop rdx
   444 000001F9 5E                      pop rsi
   445 000001FA 5F                      pop rdi
   446 000001FB 58                      pop rax
   447                                 %line 333+1 ast06.asm
   448                                 
   449 000001FC 415C                    pop r12
   450 000001FE 5E                      pop rsi
   451 000001FF 59                      pop rcx
   452                                 
   453 00000200 49FFC4                  inc r12
   454 00000203 4983FC03                cmp r12, 3
   455 00000207 7543                    jne skipNewline
   456 00000209 49C7C400000000          mov r12, 0
   457 00000210 50                      push rax
   458                                 %line 342+0 ast06.asm
   459 00000211 57                      push rdi
   460 00000212 56                      push rsi
   461 00000213 52                      push rdx
   462 00000214 51                      push rcx
   463                                 
   464 00000215 488D3C25[00000000]      lea rdi, [newLine]
   465 0000021D 48C7C200000000          mov rdx, 0
   466                                 ..@9.countLoop:
   467 00000224 803F00                  cmp byte [rdi], NULL
   468 00000227 7406                    je ..@9.countLoopDone
   469 00000229 48FFC7                  inc rdi
   470 0000022C 48FFC2                  inc rdx
   471 0000022F EBF1                    jmp ..@9.countLoop
   472                                 ..@9.countLoopDone:
   473                                 
   474 00000231 48C7C001000000          mov rax, SYS_write
   475 00000238 48C7C701000000          mov rdi, STDOUT
   476 0000023F 488D3425[00000000]      lea rsi, [newLine]
   477 00000247 0F05                    syscall
   478                                 
   479 00000249 59                      pop rcx
   480 0000024A 5A                      pop rdx
   481 0000024B 5E                      pop rsi
   482 0000024C 5F                      pop rdi
   483 0000024D 58                      pop rax
   484                                 %line 343+1 ast06.asm
   485                                 skipNewline:
   486 0000024E 48FFC6                  inc rsi
   487                                 
   488 00000251 FFC9                    dec ecx
   489 00000253 83F900                  cmp ecx, 0
   490 00000256 0F85BBFEFFFF            jne printLoop
   491 0000025C 50                      push rax
   492                                 %line 349+0 ast06.asm
   493 0000025D 57                      push rdi
   494 0000025E 56                      push rsi
   495 0000025F 52                      push rdx
   496 00000260 51                      push rcx
   497                                 
   498 00000261 488D3C25[00000000]      lea rdi, [newLine]
   499 00000269 48C7C200000000          mov rdx, 0
   500                                 ..@10.countLoop:
   501 00000270 803F00                  cmp byte [rdi], NULL
   502 00000273 7406                    je ..@10.countLoopDone
   503 00000275 48FFC7                  inc rdi
   504 00000278 48FFC2                  inc rdx
   505 0000027B EBF1                    jmp ..@10.countLoop
   506                                 ..@10.countLoopDone:
   507                                 
   508 0000027D 48C7C001000000          mov rax, SYS_write
   509 00000284 48C7C701000000          mov rdi, STDOUT
   510 0000028B 488D3425[00000000]      lea rsi, [newLine]
   511 00000293 0F05                    syscall
   512                                 
   513 00000295 59                      pop rcx
   514 00000296 5A                      pop rdx
   515 00000297 5E                      pop rsi
   516 00000298 5F                      pop rdi
   517 00000299 58                      pop rax
   518                                 %line 350+1 ast06.asm
   519                                 
   520                                 
   521                                 
   522                                 
   523                                 
   524                                 
   525                                 
   526                                 
   527                                 
   528 0000029A 8B0425[00000000]       mov eax, dword [perimsArray]
   529 000002A1 890425[00000000]        mov dword [perimMin], eax
   530 000002A8 890425[00000000]        mov dword [perimMax], eax
   531 000002AF C70425[00000000]00-     mov dword [perimSum], 0
   532 000002AF 000000             
   533 000002BA 48C7C100000000          mov rcx, 0
   534 000002C1 8B0C25[00000000]        mov ecx, dword [length]
   535 000002C8 48C7C700000000          mov rdi, 0
   536                                 sumLoop:
   537 000002CF 48C7C000000000          mov rax, 0
   538 000002D6 8B04BD[00000000]        mov eax, dword [perimsArray+rdi*4]
   539 000002DD 010425[00000000]        add dword [perimSum], eax
   540 000002E4 3B0425[00000000]        cmp eax, dword [perimMin]
   541 000002EB 7D05                    jge notNewMin
   542 000002ED 890425[00000000]        mov dword [perimMin], eax
   543                                 notNewMin:
   544 000002F4 3B0425[00000000]        cmp eax, dword [perimMax]
   545 000002FB 7E05                    jle notNewMax
   546 000002FD 890425[00000000]        mov dword [perimMax], eax
   547                                 notNewMax:
   548 00000304 48FFC7                  inc rdi
   549 00000307 E2C4                    loop sumLoop
   550 00000309 8B0425[00000000]        mov eax, dword [perimSum]
   551 00000310 BA00000000              mov edx, 0
   552 00000315 F73425[00000000]        div dword [length]
   553 0000031C 890425[00000000]        mov dword [perimAve], eax
   554                                 
   555                                 
   556                                 
   557                                 
   558                                 
   559                                 
   560 00000323 50                      push rax
   561                                 %line 390+0 ast06.asm
   562 00000324 57                      push rdi
   563 00000325 56                      push rsi
   564 00000326 52                      push rdx
   565 00000327 51                      push rcx
   566                                 
   567 00000328 488D3C25[00000000]      lea rdi, [shdr]
   568 00000330 48C7C200000000          mov rdx, 0
   569                                 ..@11.countLoop:
   570 00000337 803F00                  cmp byte [rdi], NULL
   571 0000033A 7406                    je ..@11.countLoopDone
   572 0000033C 48FFC7                  inc rdi
   573 0000033F 48FFC2                  inc rdx
   574 00000342 EBF1                    jmp ..@11.countLoop
   575                                 ..@11.countLoopDone:
   576                                 
   577 00000344 48C7C001000000          mov rax, SYS_write
   578 0000034B 48C7C701000000          mov rdi, STDOUT
   579 00000352 488D3425[00000000]      lea rsi, [shdr]
   580 0000035A 0F05                    syscall
   581                                 
   582 0000035C 59                      pop rcx
   583 0000035D 5A                      pop rdx
   584 0000035E 5E                      pop rsi
   585 0000035F 5F                      pop rdi
   586 00000360 58                      pop rax
   587                                 %line 391+1 ast06.asm
   588                                 
   589                                 
   590                                 
   591                                 
   592                                 
   593                                 
   594                                 
   595                                 
   596                                 
   597 00000361 48C7C100000000         mov rcx, 0
   598 00000368 8B0425[00000000]       mov eax, dword[perimSum]
   599 0000036F 49C7C206000000         mov r10, 6
   600 00000376 49C7C0[00000000]       mov r8, perimSumString
   601                                 convert6:
   602 0000037D 99                     cdq
   603 0000037E 41F7F2                 div r10d
   604 00000381 52                     push rdx
   605 00000382 48FFC1                 inc rcx
   606 00000385 83F800                 cmp eax, 0
   607 00000388 75F1                   jne convert6
   608 0000038A 48C7C30B000000         mov rbx, 11
   609 00000391 4829CB                 sub rbx, rcx
   610 00000394 48C7C100000000         mov rcx, 0
   611                                 rightJust:
   612 0000039B 41C60020               mov [r8], byte ' '
   613 0000039F 49FFC0                 inc r8
   614 000003A2 48FFC1                 inc rcx
   615 000003A5 4839CB                 cmp rbx, rcx
   616 000003A8 75EF                   jne rightJust
   617                                 popLoop:
   618 000003AA 48FFC1                 inc rcx
   619 000003AD 58                     pop rax
   620 000003AE 4883C030               add rax, 0x30
   621 000003B2 498900                 mov [r8], rax
   622 000003B5 49FFC0                 inc r8
   623 000003B8 4883F90B               cmp rcx, 11
   624 000003BC 75EA                   jne popLoop
   625                                 
   626                                 
   627 000003BE 50                      push rax
   628                                 %line 430+0 ast06.asm
   629 000003BF 57                      push rdi
   630 000003C0 56                      push rsi
   631 000003C1 52                      push rdx
   632 000003C2 51                      push rcx
   633                                 
   634 000003C3 488D3C25[00000000]      lea rdi, [perimSumString]
   635 000003CB 48C7C200000000          mov rdx, 0
   636                                 ..@12.countLoop:
   637 000003D2 803F00                  cmp byte [rdi], NULL
   638 000003D5 7406                    je ..@12.countLoopDone
   639 000003D7 48FFC7                  inc rdi
   640 000003DA 48FFC2                  inc rdx
   641 000003DD EBF1                    jmp ..@12.countLoop
   642                                 ..@12.countLoopDone:
   643                                 
   644 000003DF 48C7C001000000          mov rax, SYS_write
   645 000003E6 48C7C701000000          mov rdi, STDOUT
   646 000003ED 488D3425[00000000]      lea rsi, [perimSumString]
   647 000003F5 0F05                    syscall
   648                                 
   649 000003F7 59                      pop rcx
   650 000003F8 5A                      pop rdx
   651 000003F9 5E                      pop rsi
   652 000003FA 5F                      pop rdi
   653 000003FB 58                      pop rax
   654                                 %line 431+1 ast06.asm
   655                                 
   656                                 
   657                                 
   658                                 
   659                                 
   660 000003FC 50                      push rax
   661                                 %line 436+0 ast06.asm
   662 000003FD 57                      push rdi
   663 000003FE 56                      push rsi
   664 000003FF 52                      push rdx
   665 00000400 51                      push rcx
   666                                 
   667 00000401 488D3C25[00000000]      lea rdi, [avhdr]
   668 00000409 48C7C200000000          mov rdx, 0
   669                                 ..@13.countLoop:
   670 00000410 803F00                  cmp byte [rdi], NULL
   671 00000413 7406                    je ..@13.countLoopDone
   672 00000415 48FFC7                  inc rdi
   673 00000418 48FFC2                  inc rdx
   674 0000041B EBF1                    jmp ..@13.countLoop
   675                                 ..@13.countLoopDone:
   676                                 
   677 0000041D 48C7C001000000          mov rax, SYS_write
   678 00000424 48C7C701000000          mov rdi, STDOUT
   679 0000042B 488D3425[00000000]      lea rsi, [avhdr]
   680 00000433 0F05                    syscall
   681                                 
   682 00000435 59                      pop rcx
   683 00000436 5A                      pop rdx
   684 00000437 5E                      pop rsi
   685 00000438 5F                      pop rdi
   686 00000439 58                      pop rax
   687                                 %line 437+1 ast06.asm
   688                                 
   689                                 %line 437+0 ast06.asm
   690                                 
   691                                 
   692                                 
   693 0000043A 48C7C100000000         mov rcx, 0
   694 00000441 8B0425[00000000]       mov eax, dword [perimAve]
   695 00000448 49C7C206000000         mov r10, 6
   696 0000044F 49C7C0[00000000]       mov r8, perimAveString
   697                                 ..@14.mConvert6:
   698 00000456 99                     cdq
   699 00000457 41F7F2                 div r10d
   700 0000045A 52                     push rdx
   701 0000045B 48FFC1                 inc rcx
   702 0000045E 83F800                 cmp eax, 0
   703 00000461 75F1                   jne ..@14.mConvert6
   704 00000463 48C7C30B000000         mov rbx, 11
   705 0000046A 4829CB                 sub rbx, rcx
   706 0000046D 48C7C100000000         mov rcx, 0
   707                                 ..@14.mRightJust:
   708 00000474 41C60020               mov [r8], byte ' '
   709 00000478 49FFC0                 inc r8
   710 0000047B 48FFC1                 inc rcx
   711 0000047E 4839CB                 cmp rbx, rcx
   712 00000481 75EF                   jne ..@14.mRightJust
   713                                 ..@14.mPopLoop:
   714 00000483 48FFC1                 inc rcx
   715 00000486 58                     pop rax
   716 00000487 4883C030               add rax, 0x30
   717 0000048B 498900                 mov [r8], rax
   718 0000048E 49FFC0                 inc r8
   719 00000491 4883F90B               cmp rcx, 11
   720 00000495 75EA                   jne ..@14.mPopLoop
   721                                 
   722                                 %line 438+1 ast06.asm
   723 00000497 50                      push rax
   724                                 %line 438+0 ast06.asm
   725 00000498 57                      push rdi
   726 00000499 56                      push rsi
   727 0000049A 52                      push rdx
   728 0000049B 51                      push rcx
   729                                 
   730 0000049C 488D3C25[00000000]      lea rdi, [perimAveString]
   731 000004A4 48C7C200000000          mov rdx, 0
   732                                 ..@15.countLoop:
   733 000004AB 803F00                  cmp byte [rdi], NULL
   734 000004AE 7406                    je ..@15.countLoopDone
   735 000004B0 48FFC7                  inc rdi
   736 000004B3 48FFC2                  inc rdx
   737 000004B6 EBF1                    jmp ..@15.countLoop
   738                                 ..@15.countLoopDone:
   739                                 
   740 000004B8 48C7C001000000          mov rax, SYS_write
   741 000004BF 48C7C701000000          mov rdi, STDOUT
   742 000004C6 488D3425[00000000]      lea rsi, [perimAveString]
   743 000004CE 0F05                    syscall
   744                                 
   745 000004D0 59                      pop rcx
   746 000004D1 5A                      pop rdx
   747 000004D2 5E                      pop rsi
   748 000004D3 5F                      pop rdi
   749 000004D4 58                      pop rax
   750                                 %line 439+1 ast06.asm
   751                                 
   752 000004D5 50                      push rax
   753                                 %line 440+0 ast06.asm
   754 000004D6 57                      push rdi
   755 000004D7 56                      push rsi
   756 000004D8 52                      push rdx
   757 000004D9 51                      push rcx
   758                                 
   759 000004DA 488D3C25[00000000]      lea rdi, [minhdr]
   760 000004E2 48C7C200000000          mov rdx, 0
   761                                 ..@16.countLoop:
   762 000004E9 803F00                  cmp byte [rdi], NULL
   763 000004EC 7406                    je ..@16.countLoopDone
   764 000004EE 48FFC7                  inc rdi
   765 000004F1 48FFC2                  inc rdx
   766 000004F4 EBF1                    jmp ..@16.countLoop
   767                                 ..@16.countLoopDone:
   768                                 
   769 000004F6 48C7C001000000          mov rax, SYS_write
   770 000004FD 48C7C701000000          mov rdi, STDOUT
   771 00000504 488D3425[00000000]      lea rsi, [minhdr]
   772 0000050C 0F05                    syscall
   773                                 
   774 0000050E 59                      pop rcx
   775 0000050F 5A                      pop rdx
   776 00000510 5E                      pop rsi
   777 00000511 5F                      pop rdi
   778 00000512 58                      pop rax
   779                                 %line 441+1 ast06.asm
   780                                 
   781                                 %line 441+0 ast06.asm
   782                                 
   783                                 
   784                                 
   785 00000513 48C7C100000000         mov rcx, 0
   786 0000051A 8B0425[00000000]       mov eax, dword [perimMin]
   787 00000521 49C7C206000000         mov r10, 6
   788 00000528 49C7C0[00000000]       mov r8, perimMinString
   789                                 ..@17.mConvert6:
   790 0000052F 99                     cdq
   791 00000530 41F7F2                 div r10d
   792 00000533 52                     push rdx
   793 00000534 48FFC1                 inc rcx
   794 00000537 83F800                 cmp eax, 0
   795 0000053A 75F1                   jne ..@17.mConvert6
   796 0000053C 48C7C30B000000         mov rbx, 11
   797 00000543 4829CB                 sub rbx, rcx
   798 00000546 48C7C100000000         mov rcx, 0
   799                                 ..@17.mRightJust:
   800 0000054D 41C60020               mov [r8], byte ' '
   801 00000551 49FFC0                 inc r8
   802 00000554 48FFC1                 inc rcx
   803 00000557 4839CB                 cmp rbx, rcx
   804 0000055A 75EF                   jne ..@17.mRightJust
   805                                 ..@17.mPopLoop:
   806 0000055C 48FFC1                 inc rcx
   807 0000055F 58                     pop rax
   808 00000560 4883C030               add rax, 0x30
   809 00000564 498900                 mov [r8], rax
   810 00000567 49FFC0                 inc r8
   811 0000056A 4883F90B               cmp rcx, 11
   812 0000056E 75EA                   jne ..@17.mPopLoop
   813                                 
   814                                 %line 442+1 ast06.asm
   815 00000570 50                      push rax
   816                                 %line 442+0 ast06.asm
   817 00000571 57                      push rdi
   818 00000572 56                      push rsi
   819 00000573 52                      push rdx
   820 00000574 51                      push rcx
   821                                 
   822 00000575 488D3C25[00000000]      lea rdi, [perimMinString]
   823 0000057D 48C7C200000000          mov rdx, 0
   824                                 ..@18.countLoop:
   825 00000584 803F00                  cmp byte [rdi], NULL
   826 00000587 7406                    je ..@18.countLoopDone
   827 00000589 48FFC7                  inc rdi
   828 0000058C 48FFC2                  inc rdx
   829 0000058F EBF1                    jmp ..@18.countLoop
   830                                 ..@18.countLoopDone:
   831                                 
   832 00000591 48C7C001000000          mov rax, SYS_write
   833 00000598 48C7C701000000          mov rdi, STDOUT
   834 0000059F 488D3425[00000000]      lea rsi, [perimMinString]
   835 000005A7 0F05                    syscall
   836                                 
   837 000005A9 59                      pop rcx
   838 000005AA 5A                      pop rdx
   839 000005AB 5E                      pop rsi
   840 000005AC 5F                      pop rdi
   841 000005AD 58                      pop rax
   842                                 %line 443+1 ast06.asm
   843                                 
   844 000005AE 50                      push rax
   845                                 %line 444+0 ast06.asm
   846 000005AF 57                      push rdi
   847 000005B0 56                      push rsi
   848 000005B1 52                      push rdx
   849 000005B2 51                      push rcx
   850                                 
   851 000005B3 488D3C25[00000000]      lea rdi, [maxhdr]
   852 000005BB 48C7C200000000          mov rdx, 0
   853                                 ..@19.countLoop:
   854 000005C2 803F00                  cmp byte [rdi], NULL
   855 000005C5 7406                    je ..@19.countLoopDone
   856 000005C7 48FFC7                  inc rdi
   857 000005CA 48FFC2                  inc rdx
   858 000005CD EBF1                    jmp ..@19.countLoop
   859                                 ..@19.countLoopDone:
   860                                 
   861 000005CF 48C7C001000000          mov rax, SYS_write
   862 000005D6 48C7C701000000          mov rdi, STDOUT
   863 000005DD 488D3425[00000000]      lea rsi, [maxhdr]
   864 000005E5 0F05                    syscall
   865                                 
   866 000005E7 59                      pop rcx
   867 000005E8 5A                      pop rdx
   868 000005E9 5E                      pop rsi
   869 000005EA 5F                      pop rdi
   870 000005EB 58                      pop rax
   871                                 %line 445+1 ast06.asm
   872                                 
   873                                 %line 445+0 ast06.asm
   874                                 
   875                                 
   876                                 
   877 000005EC 48C7C100000000         mov rcx, 0
   878 000005F3 8B0425[00000000]       mov eax, dword [perimMax]
   879 000005FA 49C7C206000000         mov r10, 6
   880 00000601 49C7C0[00000000]       mov r8, perimMaxString
   881                                 ..@20.mConvert6:
   882 00000608 99                     cdq
   883 00000609 41F7F2                 div r10d
   884 0000060C 52                     push rdx
   885 0000060D 48FFC1                 inc rcx
   886 00000610 83F800                 cmp eax, 0
   887 00000613 75F1                   jne ..@20.mConvert6
   888 00000615 48C7C30B000000         mov rbx, 11
   889 0000061C 4829CB                 sub rbx, rcx
   890 0000061F 48C7C100000000         mov rcx, 0
   891                                 ..@20.mRightJust:
   892 00000626 41C60020               mov [r8], byte ' '
   893 0000062A 49FFC0                 inc r8
   894 0000062D 48FFC1                 inc rcx
   895 00000630 4839CB                 cmp rbx, rcx
   896 00000633 75EF                   jne ..@20.mRightJust
   897                                 ..@20.mPopLoop:
   898 00000635 48FFC1                 inc rcx
   899 00000638 58                     pop rax
   900 00000639 4883C030               add rax, 0x30
   901 0000063D 498900                 mov [r8], rax
   902 00000640 49FFC0                 inc r8
   903 00000643 4883F90B               cmp rcx, 11
   904 00000647 75EA                   jne ..@20.mPopLoop
   905                                 
   906                                 %line 446+1 ast06.asm
   907 00000649 50                      push rax
   908                                 %line 446+0 ast06.asm
   909 0000064A 57                      push rdi
   910 0000064B 56                      push rsi
   911 0000064C 52                      push rdx
   912 0000064D 51                      push rcx
   913                                 
   914 0000064E 488D3C25[00000000]      lea rdi, [perimMaxString]
   915 00000656 48C7C200000000          mov rdx, 0
   916                                 ..@21.countLoop:
   917 0000065D 803F00                  cmp byte [rdi], NULL
   918 00000660 7406                    je ..@21.countLoopDone
   919 00000662 48FFC7                  inc rdi
   920 00000665 48FFC2                  inc rdx
   921 00000668 EBF1                    jmp ..@21.countLoop
   922                                 ..@21.countLoopDone:
   923                                 
   924 0000066A 48C7C001000000          mov rax, SYS_write
   925 00000671 48C7C701000000          mov rdi, STDOUT
   926 00000678 488D3425[00000000]      lea rsi, [perimMaxString]
   927 00000680 0F05                    syscall
   928                                 
   929 00000682 59                      pop rcx
   930 00000683 5A                      pop rdx
   931 00000684 5E                      pop rsi
   932 00000685 5F                      pop rdi
   933 00000686 58                      pop rax
   934                                 %line 447+1 ast06.asm
   935                                 
   936 00000687 50                      push rax
   937                                 %line 448+0 ast06.asm
   938 00000688 57                      push rdi
   939 00000689 56                      push rsi
   940 0000068A 52                      push rdx
   941 0000068B 51                      push rcx
   942                                 
   943 0000068C 488D3C25[00000000]      lea rdi, [newLine]
   944 00000694 48C7C200000000          mov rdx, 0
   945                                 ..@22.countLoop:
   946 0000069B 803F00                  cmp byte [rdi], NULL
   947 0000069E 7406                    je ..@22.countLoopDone
   948 000006A0 48FFC7                  inc rdi
   949 000006A3 48FFC2                  inc rdx
   950 000006A6 EBF1                    jmp ..@22.countLoop
   951                                 ..@22.countLoopDone:
   952                                 
   953 000006A8 48C7C001000000          mov rax, SYS_write
   954 000006AF 48C7C701000000          mov rdi, STDOUT
   955 000006B6 488D3425[00000000]      lea rsi, [newLine]
   956 000006BE 0F05                    syscall
   957                                 
   958 000006C0 59                      pop rcx
   959 000006C1 5A                      pop rdx
   960 000006C2 5E                      pop rsi
   961 000006C3 5F                      pop rdi
   962 000006C4 58                      pop rax
   963                                 %line 449+1 ast06.asm
   964 000006C5 50                      push rax
   965                                 %line 449+0 ast06.asm
   966 000006C6 57                      push rdi
   967 000006C7 56                      push rsi
   968 000006C8 52                      push rdx
   969 000006C9 51                      push rcx
   970                                 
   971 000006CA 488D3C25[00000000]      lea rdi, [newLine]
   972 000006D2 48C7C200000000          mov rdx, 0
   973                                 ..@23.countLoop:
   974 000006D9 803F00                  cmp byte [rdi], NULL
   975 000006DC 7406                    je ..@23.countLoopDone
   976 000006DE 48FFC7                  inc rdi
   977 000006E1 48FFC2                  inc rdx
   978 000006E4 EBF1                    jmp ..@23.countLoop
   979                                 ..@23.countLoopDone:
   980                                 
   981 000006E6 48C7C001000000          mov rax, SYS_write
   982 000006ED 48C7C701000000          mov rdi, STDOUT
   983 000006F4 488D3425[00000000]      lea rsi, [newLine]
   984 000006FC 0F05                    syscall
   985                                 
   986 000006FE 59                      pop rcx
   987 000006FF 5A                      pop rdx
   988 00000700 5E                      pop rsi
   989 00000701 5F                      pop rdi
   990 00000702 58                      pop rax
   991                                 %line 450+1 ast06.asm
   992                                 
   993                                 
   994                                 
   995                                 
   996                                 last:
   997 00000703 48C7C03C000000          mov rax, SYS_exit
   998 0000070A 48C7C700000000          mov rdi, EXIT_SUCCESS
   999 00000711 0F05                    syscall
  1000                                 
