     1                                 %line 1+1 ast04.asm
     2                                 
     3                                 
     4                                 
     5                                 
     6                                 
     7                                 
     8                                 
     9                                 
    10                                 
    11                                 
    12                                 [section .data]
    13                                 
    14                                 
    15                                 
    16                                 
    17                                 NULL equ 0
    18                                 
    19                                 TRUE equ 1
    20                                 FALSE equ 0
    21                                 
    22                                 EXIT_SUCCESS equ 0
    23                                 SYS_exit equ 60
    24                                 
    25                                 
    26                                 
    27                                 
    28                                 
    29                                 
    30 00000000 5C0800005C04000004-    list dd 2140, 1116, 1540, 1240, 1677, 1635, 2426, 1820
    31 00000000 060000D80400008D06-
    32 00000000 0000630600007A0900-
    33 00000000 001C070000         
    34 00000020 4E06000072090000D1-     dd 1614, 2418, 2513, 1420, 2119, 1215, 1525, 1712
    35 00000020 0900008C0500004708-
    36 00000020 0000BF040000F50500-
    37 00000020 00B0060000         
    38 00000040 A1050000260E0000C3-     dd 1441, 3622, 1731, 1729, 1615, 1724, 1217, 1224
    39 00000040 060000C10600004F06-
    40 00000040 0000BC060000C10400-
    41 00000040 00C8040000         
    42 00000060 2C0600007B04000014-     dd 1580, 1147, 2324, 1425, 1816, 1262, 2718, 2192
    43 00000060 090000910500001807-
    44 00000060 0000EE0400009E0A00-
    45 00000060 0090080000         
    46 00000080 98050000D3040000CC-     dd 1432, 1235, 2764, 1615, 1310, 1765, 1954, 1967
    47 00000080 0A00004F0600001E05-
    48 00000080 0000E5060000A20700-
    49 00000080 00AF070000         
    50 000000A0 EB050000E40D00003E-     dd 1515, 3556, 1342, 7321, 1556, 2727, 1227, 1927
    51 000000A0 050000991C00001406-
    52 000000A0 0000A70A0000CB0400-
    53 000000A0 0087070000         
    54 000000C0 66050000B905000073-     dd 1382, 1465, 3955, 1435, 1225, 2419, 2534, 1345
    55 000000C0 0F00009B050000C904-
    56 000000C0 000073090000E60900-
    57 000000C0 0041050000         
    58 000000E0 A309000023050000A9-     dd 2467, 1315, 1961, 1335, 2856, 2553, 1032, 1835
    59 000000E0 07000037050000280B-
    60 000000E0 0000F9090000080400-
    61 000000E0 002B070000         
    62 00000100 DE0400001A0900000D-     dd 1246, 2330, 2317, 1115, 2726, 2140, 2565, 2871
    63 00000100 0900005B040000A60A-
    64 00000100 00005C080000050A00-
    65 00000100 00370B0000         
    66 00000120 B80500007B07000012-     dd 1464, 1915, 1810, 1465, 1554, 1267, 1615, 1656
    67 00000120 070000B90500001206-
    68 00000120 0000F30400004F0600-
    69 00000120 0078060000         
    70 00000140 900800002107000085-     dd 2192, 1825, 1925, 2312, 1725, 2517, 1498, 1677
    71 00000140 07000008090000BD06-
    72 00000140 0000D5090000DA0500-
    73 00000140 008D060000         
    74 00000160 C3050000F2070000C7-     dd 1475, 2034, 1223, 1883, 1173, 1350, 1415, 1335
    75 00000160 0400005B0700009504-
    76 00000160 000046050000870500-
    77 00000160 0037050000         
    78 00000180 650400005E040000B1-     dd 1125, 1118, 1713, 3025
    79 00000180 060000D10B0000     
    80 00000190 64000000               length dd 100
    81                                 
    82 00000194 00000000               listMin dd 0
    83 00000198 00000000               listEstMed dd 0
    84 0000019C 00000000               listMax dd 0
    85 000001A0 00000000               listSum dd 0
    86 000001A4 00000000               listAve dd 0
    87                                 
    88 000001A8 00000000               evenCnt dd 0
    89 000001AC 00000000               evenSum dd 0
    90 000001B0 00000000               evenAve dd 0
    91                                 
    92 000001B4 00000000               tenCnt dd 0
    93 000001B8 00000000               tenSum dd 0
    94 000001BC 00000000               tenAve dd 0
    95                                 
    96                                 
    97                                 
    98                                 
    99                                 
   100                                 [section .text]
   101                                 [global _start]
   102                                 _start:
   103                                 
   104 00000000 48C7C7[00000000]       mov rdi, list
   105 00000007 41BA00000000           mov r10d, 0
   106 0000000D 8B0C25[00000000]       mov ecx, dword[length]
   107                                 
   108                                 
   109                                 sumLoop:
   110 00000014 FFC9                    dec ecx
   111 00000016 4403148D[00000000]      add r10d, dword[list+rcx*4]
   112 0000001E 83F900                  cmp ecx, 0
   113 00000021 75EF                    jne sumLoop
   114 00000023 44891425[00000000]     mov dword[listSum], r10d
   115                                 
   116                                 
   117 0000002B 448B0425[90010000]     mov r8d, dword[list+100*4]
   118 00000033 8B0C25[00000000]       mov ecx, dword[length]
   119                                 lstMax:
   120 0000003A FFC9                    dec ecx
   121 0000003C 443B048D[00000000]      cmp r8d, dword[list+rcx*4]
   122 00000044 7D06                    jge skipMax
   123 00000046 448B048D[00000000]      mov r8d, dword[list+rcx*4]
   124                                  skipMax:
   125 0000004E 4883F900                cmp rcx, 0
   126 00000052 75E4                    jne lstMax
   127 00000054 44890425[00000000]     mov dword[listMax], r8d
   128                                 
   129                                 
   130 0000005C 67448B0485[00000000]     mov r8d, dword[list+eax*4]
   131 00000065 8B0C25[00000000]       mov ecx, dword[length]
   132                                 lstMin:
   133 0000006C FFC9                    dec ecx
   134 0000006E 443B048D[00000000]      cmp r8d, dword[list+rcx*4]
   135 00000076 7E06                    jle skipMin
   136 00000078 448B048D[00000000]      mov r8d, dword[list+rcx*4]
   137                                  skipMin:
   138 00000080 4883F900                cmp rcx, 0
   139 00000084 75E4                    jne lstMin
   140 00000086 44890425[00000000]     mov dword[listMin], r8d
   141                                 
   142                                 
   143                                 
   144 0000008E 8B0425[00000000]       mov eax, dword[length]
   145 00000095 99                     cdq
   146 00000096 41BD02000000           mov r13d, 2
   147 0000009C 41F7F5                 div r13d
   148 0000009F 4189C7                 mov r15d, eax
   149 000000A2 B800000000             mov eax, 0
   150 000000A7 67420304BD[00000000]     add eax, dword[list+r15d*4]
   151 000000B0 41FFCF                 dec r15d
   152 000000B3 67420304BD[00000000]     add eax, dword[list+r15d*4]
   153 000000BC 99                     cdq
   154 000000BD 41BD02000000           mov r13d, 2
   155 000000C3 41F7F5                 div r13d
   156 000000C6 890425[00000000]       mov dword[listEstMed], eax
   157                                 
   158                                 
   159                                 
   160 000000CD 8B0425[00000000]       mov eax, dword[listSum]
   161 000000D4 99                     cdq
   162 000000D5 F73425[00000000]       div dword[length]
   163 000000DC 890425[00000000]       mov dword[listAve], eax
   164                                 
   165                                 
   166                                 
   167 000000E3 8B0C25[00000000]       mov ecx, dword[length]
   168 000000EA BB02000000             mov ebx, 2
   169 000000EF 41B900000000           mov r9d, 0
   170 000000F5 41BA00000000           mov r10d, 0
   171                                 evenLoop:
   172 000000FB FFC9                    dec ecx
   173 000000FD 80F9FF                  cmp cl, 0xff
   174 00000100 741A                    je evenLoopExit
   175 00000102 8B048D[00000000]        mov eax, dword[list+rcx*4]
   176 00000109 99                      cdq
   177 0000010A F7FB                    idiv ebx
   178 0000010C 83FA00                  cmp edx, 0
   179 0000010F 75E8                    jne evenLoop
   180 00000111 4403148D[00000000]      add r10d, dword[list+rcx*4]
   181 00000119 41FFC1                  inc r9d
   182 0000011C EBDB                    jmp evenLoop
   183                                 evenLoopExit:
   184 0000011E 44890C25[00000000]     mov dword[evenCnt], r9d
   185 00000126 44891425[00000000]     mov dword[evenSum], r10d
   186                                 
   187                                 
   188                                 
   189 0000012E 8B0425[00000000]       mov eax, dword[evenSum]
   190 00000135 99                     cdq
   191 00000136 F73425[00000000]       div dword[evenCnt]
   192 0000013D 890425[00000000]       mov dword[evenAve], eax
   193                                 
   194                                 
   195 00000144 8B0C25[00000000]       mov ecx, dword[length]
   196 0000014B BB0A000000             mov ebx, 10
   197 00000150 41B900000000           mov r9d, 0
   198 00000156 41BA00000000           mov r10d, 0
   199                                 tenLoop:
   200 0000015C FFC9                    dec ecx
   201 0000015E 80F9FF                  cmp cl, 0xff
   202 00000161 741A                    je tenLoopExit
   203 00000163 8B048D[00000000]        mov eax, dword[list+rcx*4]
   204 0000016A 99                      cdq
   205 0000016B F7FB                    idiv ebx
   206 0000016D 83FA00                  cmp edx, 0
   207 00000170 75E8                    jne tenLoop
   208 00000172 4403148D[00000000]      add r10d, dword[list+rcx*4]
   209 0000017A 41FFC1                  inc r9d
   210 0000017D EBDB                    jmp tenLoop
   211                                 tenLoopExit:
   212 0000017F 44890C25[00000000]     mov dword[tenCnt], r9d
   213 00000187 44891425[00000000]     mov dword[tenSum], r10d
   214                                 
   215                                 
   216                                 
   217 0000018F 4489D0                 mov eax, r10d
   218 00000192 99                     cdq
   219 00000193 F73425[00000000]       div dword[tenCnt]
   220 0000019A 890425[00000000]       mov dword[tenAve], eax
   221                                 
   222                                 
   223                                 
   224                                 
   225                                 last:
   226 000001A1 48C7C03C000000          mov rax, SYS_exit
   227 000001A8 48C7C700000000          mov rdi, EXIT_SUCCESS
   228 000001AF 0F05                    syscall
   229                                 
